0 info it worked if it ends with ok
1 verbose cli [ 'node', '/opt/boxen/nodenv/versions/v0.10/bin/npm', 'publish' ]
2 info using npm@2.7.5
3 info using node@v0.10.29
4 verbose node symlink /opt/boxen/nodenv/versions/v0.10/bin/node
5 verbose publish [ '.' ]
6 silly cache add args [ '.', null ]
7 verbose cache add spec .
8 silly cache add parsed spec { raw: '.',
8 silly cache add   scope: null,
8 silly cache add   name: null,
8 silly cache add   rawSpec: '.',
8 silly cache add   spec: '/Users/st/src/studentbeans_js_ssot',
8 silly cache add   type: 'directory' }
9 verbose addLocalDirectory /Users/st/.npm/studentbeans_js_ssot/0.1.0/package.tgz not in flight; packing
10 verbose tar pack [ '/Users/st/.npm/studentbeans_js_ssot/0.1.0/package.tgz',
10 verbose tar pack   '/Users/st/src/studentbeans_js_ssot' ]
11 verbose tarball /Users/st/.npm/studentbeans_js_ssot/0.1.0/package.tgz
12 verbose folder /Users/st/src/studentbeans_js_ssot
13 info prepublish studentbeans_js_ssot@0.1.0
14 verbose addLocalTarball adding from inside cache /Users/st/.npm/studentbeans_js_ssot/0.1.0/package.tgz
15 silly cache afterAdd studentbeans_js_ssot@0.1.0
16 verbose afterAdd /Users/st/.npm/studentbeans_js_ssot/0.1.0/package/package.json not in flight; writing
17 verbose afterAdd /Users/st/.npm/studentbeans_js_ssot/0.1.0/package/package.json written
18 silly publish { name: 'studentbeans_js_ssot',
18 silly publish   version: '0.1.0',
18 silly publish   description: 'Singleton data flow \'single source of truth\' for Student Beans',
18 silly publish   main: './dist/index.js',
18 silly publish   private: true,
18 silly publish   scripts: { test: 'grunt test' },
18 silly publish   devDependencies: { 'coffee-script': '>= 1.3' },
18 silly publish   repository:
18 silly publish    { type: 'git',
18 silly publish      url: 'https://github.com/thebeansgroup/studentbeans_js_ssot.git' },
18 silly publish   author: '',
18 silly publish   license: 'MIT',
18 silly publish   bugs: { url: 'https://github.com/thebeansgroup/studentbeans_js_ssot/issues' },
18 silly publish   homepage: 'https://github.com/thebeansgroup/studentbeans_js_ssot',
18 silly publish   dependencies: { codo: '^2.0.11', coffeeify: '^0.7.0', semver: '^4.3.3' },
18 silly publish   readme: '# studentbeans_js_ssot\n',
18 silly publish   readmeFilename: 'README.md',
18 silly publish   gitHead: 'cd2f7a47bd7d737aa996a3f9f42936cefd279fcd',
18 silly publish   _id: 'studentbeans_js_ssot@0.1.0',
18 silly publish   _shasum: '164c039c37783fdb3cc38d4be90947d83d9d16b6',
18 silly publish   _from: '.' }
19 verbose stack Error: This package has been marked as private
19 verbose stack Remove the 'private' field from the package.json to publish it.
19 verbose stack     at publish_ (/opt/boxen/nodenv/versions/v0.10.29/lib/node_modules/npm/lib/publish.js:108:5)
19 verbose stack     at Array.1 (/opt/boxen/nodenv/versions/v0.10.29/lib/node_modules/npm/node_modules/slide/lib/bind-actor.js:15:8)
19 verbose stack     at LOOP (/opt/boxen/nodenv/versions/v0.10.29/lib/node_modules/npm/node_modules/slide/lib/chain.js:15:14)
19 verbose stack     at LOOP (/opt/boxen/nodenv/versions/v0.10.29/lib/node_modules/npm/node_modules/slide/lib/chain.js:14:28)
19 verbose stack     at chain (/opt/boxen/nodenv/versions/v0.10.29/lib/node_modules/npm/node_modules/slide/lib/chain.js:20:5)
19 verbose stack     at /opt/boxen/nodenv/versions/v0.10.29/lib/node_modules/npm/lib/publish.js:74:5
19 verbose stack     at RES (/opt/boxen/nodenv/versions/v0.10.29/lib/node_modules/npm/node_modules/inflight/inflight.js:23:14)
19 verbose stack     at f (/opt/boxen/nodenv/versions/v0.10.29/lib/node_modules/npm/node_modules/once/once.js:17:25)
19 verbose stack     at /opt/boxen/nodenv/versions/v0.10.29/lib/node_modules/npm/lib/cache.js:359:14
19 verbose stack     at /opt/boxen/nodenv/versions/v0.10.29/lib/node_modules/npm/node_modules/write-file-atomic/index.js:29:15
20 verbose cwd /Users/st/src/studentbeans_js_ssot
21 error Darwin 14.1.0
22 error argv "node" "/opt/boxen/nodenv/versions/v0.10/bin/npm" "publish"
23 error node v0.10.29
24 error npm  v2.7.5
25 error This package has been marked as private
25 error Remove the 'private' field from the package.json to publish it.
26 error If you need help, you may report this error at:
26 error     <https://github.com/npm/npm/issues>
27 verbose exit [ 1, true ]
